<?xml version="1.0" encoding="UTF-8"?>
<!-- Generated by org.testng.reporters.JUnitXMLReporter -->
<testsuite ignored="0" hostname="DESKTOP-37FI79C" failures="0" tests="7" name="check" time="6.639" errors="0" timestamp="2021-10-14T15:04:13 IST">
  <testcase classname="testcases.Checkout" name="excelR" time="1.999"/>
  <testcase classname="testcases.Checkout" name="BillingAddress" time="0.104"/>
  <testcase classname="testcases.Checkout" name="ShippingAddress" time="0.005"/>
  <testcase classname="testcases.Checkout" name="ShippingMethod" time="0.005"/>
  <testcase classname="testcases.Checkout" name="PaymentMethod" time="0.011"/>
  <testcase classname="testcases.Checkout" name="PaymentInfomation" time="0.006"/>
  <testcase classname="testcases.Checkout" name="ConfirmOrder" time="0.005"/>
</testsuite> <!-- check -->
